{"/home/alysson/Documents/AttAvaliativa1/src/cliente.js": {"path":"/home/alysson/Documents/AttAvaliativa1/src/cliente.js","statementMap":{"0":{"start":{"line":1,"column":0},"end":{"line":36,"column":1}},"1":{"start":{"line":4,"column":8},"end":{"line":4,"column":25}},"2":{"start":{"line":5,"column":8},"end":{"line":5,"column":41}},"3":{"start":{"line":6,"column":8},"end":{"line":6,"column":29}},"4":{"start":{"line":10,"column":8},"end":{"line":10,"column":25}},"5":{"start":{"line":11,"column":8},"end":{"line":11,"column":20}},"6":{"start":{"line":15,"column":8},"end":{"line":15,"column":25}},"7":{"start":{"line":19,"column":8},"end":{"line":19,"column":41}},"8":{"start":{"line":20,"column":8},"end":{"line":20,"column":20}},"9":{"start":{"line":24,"column":8},"end":{"line":24,"column":33}},"10":{"start":{"line":28,"column":8},"end":{"line":28,"column":29}},"11":{"start":{"line":29,"column":8},"end":{"line":29,"column":20}},"12":{"start":{"line":33,"column":8},"end":{"line":33,"column":27}}},"fnMap":{"0":{"name":"(anonymous_0)","decl":{"start":{"line":3,"column":4},"end":{"line":3,"column":5}},"loc":{"start":{"line":3,"column":43},"end":{"line":7,"column":5}},"line":3},"1":{"name":"(anonymous_1)","decl":{"start":{"line":9,"column":4},"end":{"line":9,"column":5}},"loc":{"start":{"line":9,"column":17},"end":{"line":12,"column":5}},"line":9},"2":{"name":"(anonymous_2)","decl":{"start":{"line":14,"column":4},"end":{"line":14,"column":5}},"loc":{"start":{"line":14,"column":13},"end":{"line":16,"column":5}},"line":14},"3":{"name":"(anonymous_3)","decl":{"start":{"line":18,"column":4},"end":{"line":18,"column":5}},"loc":{"start":{"line":18,"column":33},"end":{"line":21,"column":5}},"line":18},"4":{"name":"(anonymous_4)","decl":{"start":{"line":23,"column":4},"end":{"line":23,"column":5}},"loc":{"start":{"line":23,"column":21},"end":{"line":25,"column":5}},"line":23},"5":{"name":"(anonymous_5)","decl":{"start":{"line":27,"column":4},"end":{"line":27,"column":5}},"loc":{"start":{"line":27,"column":21},"end":{"line":30,"column":5}},"line":27},"6":{"name":"(anonymous_6)","decl":{"start":{"line":32,"column":4},"end":{"line":32,"column":5}},"loc":{"start":{"line":32,"column":15},"end":{"line":34,"column":5}},"line":32}},"branchMap":{},"s":{"0":3,"1":4,"2":4,"3":4,"4":1,"5":1,"6":1,"7":1,"8":1,"9":5,"10":1,"11":1,"12":5},"f":{"0":4,"1":1,"2":1,"3":1,"4":5,"5":1,"6":5},"b":{},"_coverageSchema":"1a1c01bbd47fc00a2c39e90264f33305004495a9","hash":"25fa5a775a4c65b3157b36e1a279c9638512b0e5"}
,"/home/alysson/Documents/AttAvaliativa1/src/fatura.js": {"path":"/home/alysson/Documents/AttAvaliativa1/src/fatura.js","statementMap":{"0":{"start":{"line":1,"column":0},"end":{"line":45,"column":1}},"1":{"start":{"line":4,"column":8},"end":{"line":4,"column":29}},"2":{"start":{"line":5,"column":8},"end":{"line":5,"column":27}},"3":{"start":{"line":6,"column":8},"end":{"line":6,"column":25}},"4":{"start":{"line":7,"column":8},"end":{"line":7,"column":31}},"5":{"start":{"line":11,"column":8},"end":{"line":11,"column":29}},"6":{"start":{"line":12,"column":8},"end":{"line":12,"column":20}},"7":{"start":{"line":16,"column":8},"end":{"line":16,"column":27}},"8":{"start":{"line":20,"column":8},"end":{"line":20,"column":27}},"9":{"start":{"line":21,"column":8},"end":{"line":21,"column":20}},"10":{"start":{"line":25,"column":8},"end":{"line":25,"column":26}},"11":{"start":{"line":29,"column":8},"end":{"line":29,"column":25}},"12":{"start":{"line":30,"column":8},"end":{"line":30,"column":20}},"13":{"start":{"line":34,"column":8},"end":{"line":34,"column":25}},"14":{"start":{"line":38,"column":8},"end":{"line":38,"column":31}},"15":{"start":{"line":39,"column":8},"end":{"line":39,"column":20}},"16":{"start":{"line":43,"column":8},"end":{"line":43,"column":28}}},"fnMap":{"0":{"name":"(anonymous_0)","decl":{"start":{"line":3,"column":4},"end":{"line":3,"column":5}},"loc":{"start":{"line":3,"column":45},"end":{"line":8,"column":5}},"line":3},"1":{"name":"(anonymous_1)","decl":{"start":{"line":10,"column":4},"end":{"line":10,"column":5}},"loc":{"start":{"line":10,"column":21},"end":{"line":13,"column":5}},"line":10},"2":{"name":"(anonymous_2)","decl":{"start":{"line":15,"column":4},"end":{"line":15,"column":5}},"loc":{"start":{"line":15,"column":15},"end":{"line":17,"column":5}},"line":15},"3":{"name":"(anonymous_3)","decl":{"start":{"line":19,"column":4},"end":{"line":19,"column":5}},"loc":{"start":{"line":19,"column":19},"end":{"line":22,"column":5}},"line":19},"4":{"name":"(anonymous_4)","decl":{"start":{"line":24,"column":4},"end":{"line":24,"column":5}},"loc":{"start":{"line":24,"column":14},"end":{"line":26,"column":5}},"line":24},"5":{"name":"(anonymous_5)","decl":{"start":{"line":28,"column":4},"end":{"line":28,"column":5}},"loc":{"start":{"line":28,"column":17},"end":{"line":31,"column":5}},"line":28},"6":{"name":"(anonymous_6)","decl":{"start":{"line":33,"column":4},"end":{"line":33,"column":5}},"loc":{"start":{"line":33,"column":13},"end":{"line":35,"column":5}},"line":33},"7":{"name":"(anonymous_7)","decl":{"start":{"line":37,"column":4},"end":{"line":37,"column":5}},"loc":{"start":{"line":37,"column":23},"end":{"line":40,"column":5}},"line":37},"8":{"name":"(anonymous_8)","decl":{"start":{"line":42,"column":4},"end":{"line":42,"column":5}},"loc":{"start":{"line":42,"column":16},"end":{"line":44,"column":5}},"line":42}},"branchMap":{},"s":{"0":2,"1":5,"2":5,"3":5,"4":5,"5":1,"6":1,"7":1,"8":1,"9":1,"10":61,"11":1,"12":1,"13":5,"14":1,"15":1,"16":9},"f":{"0":5,"1":1,"2":1,"3":1,"4":61,"5":1,"6":5,"7":1,"8":9},"b":{},"_coverageSchema":"1a1c01bbd47fc00a2c39e90264f33305004495a9","hash":"d2a981c8fe36159a223db963342e3f048b397d80"}
,"/home/alysson/Documents/AttAvaliativa1/src/utils/filtrarfaturas.js": {"path":"/home/alysson/Documents/AttAvaliativa1/src/utils/filtrarfaturas.js","statementMap":{"0":{"start":{"line":1,"column":0},"end":{"line":23,"column":1}},"1":{"start":{"line":3,"column":20},"end":{"line":3,"column":30}},"2":{"start":{"line":4,"column":26},"end":{"line":4,"column":40}},"3":{"start":{"line":6,"column":4},"end":{"line":20,"column":5}},"4":{"start":{"line":6,"column":16},"end":{"line":6,"column":17}},"5":{"start":{"line":8,"column":8},"end":{"line":18,"column":9}},"6":{"start":{"line":8,"column":20},"end":{"line":8,"column":21}},"7":{"start":{"line":9,"column":12},"end":{"line":17,"column":13}},"8":{"start":{"line":10,"column":16},"end":{"line":10,"column":36}},"9":{"start":{"line":11,"column":18},"end":{"line":17,"column":13}},"10":{"start":{"line":12,"column":16},"end":{"line":12,"column":36}},"11":{"start":{"line":13,"column":18},"end":{"line":17,"column":13}},"12":{"start":{"line":14,"column":16},"end":{"line":14,"column":36}},"13":{"start":{"line":15,"column":18},"end":{"line":17,"column":13}},"14":{"start":{"line":16,"column":16},"end":{"line":16,"column":36}},"15":{"start":{"line":22,"column":4},"end":{"line":22,"column":19}},"16":{"start":{"line":27,"column":14},"end":{"line":27,"column":52}},"17":{"start":{"line":29,"column":4},"end":{"line":29,"column":35}},"18":{"start":{"line":31,"column":4},"end":{"line":31,"column":42}},"19":{"start":{"line":35,"column":4},"end":{"line":35,"column":30}}},"fnMap":{"0":{"name":"(anonymous_0)","decl":{"start":{"line":1,"column":17},"end":{"line":1,"column":18}},"loc":{"start":{"line":1,"column":30},"end":{"line":23,"column":1}},"line":1},"1":{"name":"diff_months","decl":{"start":{"line":25,"column":9},"end":{"line":25,"column":20}},"loc":{"start":{"line":26,"column":1},"end":{"line":32,"column":1}},"line":26},"2":{"name":"getEstadosDoSul","decl":{"start":{"line":34,"column":9},"end":{"line":34,"column":24}},"loc":{"start":{"line":34,"column":26},"end":{"line":36,"column":1}},"line":34}},"branchMap":{"0":{"loc":{"start":{"line":9,"column":12},"end":{"line":17,"column":13}},"type":"if","locations":[{"start":{"line":9,"column":12},"end":{"line":17,"column":13}},{"start":{"line":11,"column":18},"end":{"line":17,"column":13}}],"line":9},"1":{"loc":{"start":{"line":11,"column":18},"end":{"line":17,"column":13}},"type":"if","locations":[{"start":{"line":11,"column":18},"end":{"line":17,"column":13}},{"start":{"line":13,"column":18},"end":{"line":17,"column":13}}],"line":11},"2":{"loc":{"start":{"line":11,"column":22},"end":{"line":11,"column":139}},"type":"binary-expr","locations":[{"start":{"line":11,"column":23},"end":{"line":11,"column":52}},{"start":{"line":11,"column":56},"end":{"line":11,"column":85}},{"start":{"line":11,"column":90},"end":{"line":11,"column":139}}],"line":11},"3":{"loc":{"start":{"line":13,"column":18},"end":{"line":17,"column":13}},"type":"if","locations":[{"start":{"line":13,"column":18},"end":{"line":17,"column":13}},{"start":{"line":15,"column":18},"end":{"line":17,"column":13}}],"line":13},"4":{"loc":{"start":{"line":13,"column":22},"end":{"line":13,"column":160}},"type":"binary-expr","locations":[{"start":{"line":13,"column":23},"end":{"line":13,"column":52}},{"start":{"line":13,"column":56},"end":{"line":13,"column":85}},{"start":{"line":13,"column":90},"end":{"line":13,"column":160}}],"line":13},"5":{"loc":{"start":{"line":15,"column":18},"end":{"line":17,"column":13}},"type":"if","locations":[{"start":{"line":15,"column":18},"end":{"line":17,"column":13}},{"start":{},"end":{}}],"line":15},"6":{"loc":{"start":{"line":15,"column":22},"end":{"line":15,"column":119}},"type":"binary-expr","locations":[{"start":{"line":15,"column":23},"end":{"line":15,"column":51}},{"start":{"line":15,"column":56},"end":{"line":15,"column":119}}],"line":15}},"s":{"0":1,"1":4,"2":4,"3":4,"4":4,"5":4,"6":4,"7":16,"8":4,"9":12,"10":4,"11":8,"12":4,"13":4,"14":4,"15":4,"16":8,"17":8,"18":8,"19":4},"f":{"0":4,"1":8,"2":4},"b":{"0":[4,12],"1":[4,8],"2":[12,12,4],"3":[4,4],"4":[8,8,4],"5":[4,0],"6":[4,4]},"_coverageSchema":"1a1c01bbd47fc00a2c39e90264f33305004495a9","hash":"2b56220b7e63bc53e436dd2aa28e7d4f48ac65a8"}
}
