{"/home/alysson/Documents/AttAvaliativa1/src/cliente.js": {"path":"/home/alysson/Documents/AttAvaliativa1/src/cliente.js","statementMap":{"0":{"start":{"line":1,"column":0},"end":{"line":33,"column":1}},"1":{"start":{"line":4,"column":8},"end":{"line":4,"column":25}},"2":{"start":{"line":5,"column":8},"end":{"line":5,"column":41}},"3":{"start":{"line":6,"column":8},"end":{"line":6,"column":29}},"4":{"start":{"line":10,"column":8},"end":{"line":10,"column":25}},"5":{"start":{"line":14,"column":8},"end":{"line":14,"column":25}},"6":{"start":{"line":18,"column":8},"end":{"line":18,"column":41}},"7":{"start":{"line":22,"column":8},"end":{"line":22,"column":33}},"8":{"start":{"line":26,"column":8},"end":{"line":26,"column":29}},"9":{"start":{"line":30,"column":8},"end":{"line":30,"column":27}}},"fnMap":{"0":{"name":"(anonymous_0)","decl":{"start":{"line":3,"column":4},"end":{"line":3,"column":5}},"loc":{"start":{"line":3,"column":43},"end":{"line":7,"column":5}},"line":3},"1":{"name":"(anonymous_1)","decl":{"start":{"line":9,"column":4},"end":{"line":9,"column":5}},"loc":{"start":{"line":9,"column":17},"end":{"line":11,"column":5}},"line":9},"2":{"name":"(anonymous_2)","decl":{"start":{"line":13,"column":4},"end":{"line":13,"column":5}},"loc":{"start":{"line":13,"column":13},"end":{"line":15,"column":5}},"line":13},"3":{"name":"(anonymous_3)","decl":{"start":{"line":17,"column":4},"end":{"line":17,"column":5}},"loc":{"start":{"line":17,"column":33},"end":{"line":19,"column":5}},"line":17},"4":{"name":"(anonymous_4)","decl":{"start":{"line":21,"column":4},"end":{"line":21,"column":5}},"loc":{"start":{"line":21,"column":21},"end":{"line":23,"column":5}},"line":21},"5":{"name":"(anonymous_5)","decl":{"start":{"line":25,"column":4},"end":{"line":25,"column":5}},"loc":{"start":{"line":25,"column":21},"end":{"line":27,"column":5}},"line":25},"6":{"name":"(anonymous_6)","decl":{"start":{"line":29,"column":4},"end":{"line":29,"column":5}},"loc":{"start":{"line":29,"column":15},"end":{"line":31,"column":5}},"line":29}},"branchMap":{},"s":{"0":1,"1":2,"2":2,"3":2,"4":0,"5":0,"6":0,"7":4,"8":0,"9":4},"f":{"0":2,"1":0,"2":0,"3":0,"4":4,"5":0,"6":4},"b":{},"_coverageSchema":"1a1c01bbd47fc00a2c39e90264f33305004495a9","hash":"40a025d3338ed73f1500c2e9fcb794c03c4eadd8"}
,"/home/alysson/Documents/AttAvaliativa1/src/fatura.js": {"path":"/home/alysson/Documents/AttAvaliativa1/src/fatura.js","statementMap":{"0":{"start":{"line":1,"column":0},"end":{"line":41,"column":1}},"1":{"start":{"line":4,"column":8},"end":{"line":4,"column":29}},"2":{"start":{"line":5,"column":8},"end":{"line":5,"column":27}},"3":{"start":{"line":6,"column":8},"end":{"line":6,"column":25}},"4":{"start":{"line":7,"column":8},"end":{"line":7,"column":31}},"5":{"start":{"line":11,"column":8},"end":{"line":11,"column":29}},"6":{"start":{"line":15,"column":8},"end":{"line":15,"column":27}},"7":{"start":{"line":19,"column":8},"end":{"line":19,"column":27}},"8":{"start":{"line":23,"column":8},"end":{"line":23,"column":26}},"9":{"start":{"line":27,"column":8},"end":{"line":27,"column":25}},"10":{"start":{"line":31,"column":8},"end":{"line":31,"column":25}},"11":{"start":{"line":35,"column":8},"end":{"line":35,"column":31}},"12":{"start":{"line":39,"column":8},"end":{"line":39,"column":28}}},"fnMap":{"0":{"name":"(anonymous_0)","decl":{"start":{"line":3,"column":4},"end":{"line":3,"column":5}},"loc":{"start":{"line":3,"column":45},"end":{"line":8,"column":5}},"line":3},"1":{"name":"(anonymous_1)","decl":{"start":{"line":10,"column":4},"end":{"line":10,"column":5}},"loc":{"start":{"line":10,"column":21},"end":{"line":12,"column":5}},"line":10},"2":{"name":"(anonymous_2)","decl":{"start":{"line":14,"column":4},"end":{"line":14,"column":5}},"loc":{"start":{"line":14,"column":15},"end":{"line":16,"column":5}},"line":14},"3":{"name":"(anonymous_3)","decl":{"start":{"line":18,"column":4},"end":{"line":18,"column":5}},"loc":{"start":{"line":18,"column":19},"end":{"line":20,"column":5}},"line":18},"4":{"name":"(anonymous_4)","decl":{"start":{"line":22,"column":4},"end":{"line":22,"column":5}},"loc":{"start":{"line":22,"column":14},"end":{"line":24,"column":5}},"line":22},"5":{"name":"(anonymous_5)","decl":{"start":{"line":26,"column":4},"end":{"line":26,"column":5}},"loc":{"start":{"line":26,"column":17},"end":{"line":28,"column":5}},"line":26},"6":{"name":"(anonymous_6)","decl":{"start":{"line":30,"column":4},"end":{"line":30,"column":5}},"loc":{"start":{"line":30,"column":13},"end":{"line":32,"column":5}},"line":30},"7":{"name":"(anonymous_7)","decl":{"start":{"line":34,"column":4},"end":{"line":34,"column":5}},"loc":{"start":{"line":34,"column":23},"end":{"line":36,"column":5}},"line":34},"8":{"name":"(anonymous_8)","decl":{"start":{"line":38,"column":4},"end":{"line":38,"column":5}},"loc":{"start":{"line":38,"column":16},"end":{"line":40,"column":5}},"line":38}},"branchMap":{},"s":{"0":1,"1":4,"2":4,"3":4,"4":4,"5":0,"6":0,"7":0,"8":60,"9":0,"10":4,"11":0,"12":8},"f":{"0":4,"1":0,"2":0,"3":0,"4":60,"5":0,"6":4,"7":0,"8":8},"b":{},"_coverageSchema":"1a1c01bbd47fc00a2c39e90264f33305004495a9","hash":"c6ac3f91d071ec0e5f143eac590056d232c5b576"}
,"/home/alysson/Documents/AttAvaliativa1/src/utils/filtrarfaturas.js": {"path":"/home/alysson/Documents/AttAvaliativa1/src/utils/filtrarfaturas.js","statementMap":{"0":{"start":{"line":1,"column":0},"end":{"line":23,"column":1}},"1":{"start":{"line":3,"column":20},"end":{"line":3,"column":30}},"2":{"start":{"line":4,"column":26},"end":{"line":4,"column":40}},"3":{"start":{"line":6,"column":4},"end":{"line":20,"column":5}},"4":{"start":{"line":6,"column":16},"end":{"line":6,"column":17}},"5":{"start":{"line":8,"column":8},"end":{"line":18,"column":9}},"6":{"start":{"line":8,"column":20},"end":{"line":8,"column":21}},"7":{"start":{"line":9,"column":12},"end":{"line":17,"column":13}},"8":{"start":{"line":10,"column":16},"end":{"line":10,"column":36}},"9":{"start":{"line":11,"column":18},"end":{"line":17,"column":13}},"10":{"start":{"line":12,"column":16},"end":{"line":12,"column":36}},"11":{"start":{"line":13,"column":18},"end":{"line":17,"column":13}},"12":{"start":{"line":14,"column":16},"end":{"line":14,"column":36}},"13":{"start":{"line":15,"column":18},"end":{"line":17,"column":13}},"14":{"start":{"line":16,"column":16},"end":{"line":16,"column":36}},"15":{"start":{"line":22,"column":4},"end":{"line":22,"column":19}},"16":{"start":{"line":27,"column":14},"end":{"line":27,"column":52}},"17":{"start":{"line":29,"column":4},"end":{"line":29,"column":35}},"18":{"start":{"line":31,"column":4},"end":{"line":31,"column":42}},"19":{"start":{"line":35,"column":4},"end":{"line":35,"column":30}}},"fnMap":{"0":{"name":"(anonymous_0)","decl":{"start":{"line":1,"column":17},"end":{"line":1,"column":18}},"loc":{"start":{"line":1,"column":30},"end":{"line":23,"column":1}},"line":1},"1":{"name":"diff_months","decl":{"start":{"line":25,"column":9},"end":{"line":25,"column":20}},"loc":{"start":{"line":26,"column":1},"end":{"line":32,"column":1}},"line":26},"2":{"name":"getEstadosDoSul","decl":{"start":{"line":34,"column":9},"end":{"line":34,"column":24}},"loc":{"start":{"line":34,"column":26},"end":{"line":36,"column":1}},"line":34}},"branchMap":{"0":{"loc":{"start":{"line":9,"column":12},"end":{"line":17,"column":13}},"type":"if","locations":[{"start":{"line":9,"column":12},"end":{"line":17,"column":13}},{"start":{"line":11,"column":18},"end":{"line":17,"column":13}}],"line":9},"1":{"loc":{"start":{"line":11,"column":18},"end":{"line":17,"column":13}},"type":"if","locations":[{"start":{"line":11,"column":18},"end":{"line":17,"column":13}},{"start":{"line":13,"column":18},"end":{"line":17,"column":13}}],"line":11},"2":{"loc":{"start":{"line":11,"column":22},"end":{"line":11,"column":139}},"type":"binary-expr","locations":[{"start":{"line":11,"column":23},"end":{"line":11,"column":52}},{"start":{"line":11,"column":56},"end":{"line":11,"column":85}},{"start":{"line":11,"column":90},"end":{"line":11,"column":139}}],"line":11},"3":{"loc":{"start":{"line":13,"column":18},"end":{"line":17,"column":13}},"type":"if","locations":[{"start":{"line":13,"column":18},"end":{"line":17,"column":13}},{"start":{"line":15,"column":18},"end":{"line":17,"column":13}}],"line":13},"4":{"loc":{"start":{"line":13,"column":22},"end":{"line":13,"column":160}},"type":"binary-expr","locations":[{"start":{"line":13,"column":23},"end":{"line":13,"column":52}},{"start":{"line":13,"column":56},"end":{"line":13,"column":85}},{"start":{"line":13,"column":90},"end":{"line":13,"column":160}}],"line":13},"5":{"loc":{"start":{"line":15,"column":18},"end":{"line":17,"column":13}},"type":"if","locations":[{"start":{"line":15,"column":18},"end":{"line":17,"column":13}},{"start":{},"end":{}}],"line":15},"6":{"loc":{"start":{"line":15,"column":22},"end":{"line":15,"column":119}},"type":"binary-expr","locations":[{"start":{"line":15,"column":23},"end":{"line":15,"column":51}},{"start":{"line":15,"column":56},"end":{"line":15,"column":119}}],"line":15}},"s":{"0":1,"1":4,"2":4,"3":4,"4":4,"5":4,"6":4,"7":16,"8":4,"9":12,"10":4,"11":8,"12":4,"13":4,"14":4,"15":4,"16":8,"17":8,"18":8,"19":4},"f":{"0":4,"1":8,"2":4},"b":{"0":[4,12],"1":[4,8],"2":[12,12,4],"3":[4,4],"4":[8,8,4],"5":[4,0],"6":[4,4]},"_coverageSchema":"1a1c01bbd47fc00a2c39e90264f33305004495a9","hash":"2b56220b7e63bc53e436dd2aa28e7d4f48ac65a8"}
}
