TN:
SF:src/cliente.js
FN:3,(anonymous_0)
FN:9,(anonymous_1)
FN:13,(anonymous_2)
FN:17,(anonymous_3)
FN:21,(anonymous_4)
FN:25,(anonymous_5)
FN:29,(anonymous_6)
FNF:7
FNH:3
FNDA:2,(anonymous_0)
FNDA:0,(anonymous_1)
FNDA:0,(anonymous_2)
FNDA:0,(anonymous_3)
FNDA:4,(anonymous_4)
FNDA:0,(anonymous_5)
FNDA:4,(anonymous_6)
DA:1,1
DA:4,2
DA:5,2
DA:6,2
DA:10,0
DA:14,0
DA:18,0
DA:22,4
DA:26,0
DA:30,4
LF:10
LH:6
BRF:0
BRH:0
end_of_record
TN:
SF:src/fatura.js
FN:3,(anonymous_0)
FN:10,(anonymous_1)
FN:14,(anonymous_2)
FN:18,(anonymous_3)
FN:22,(anonymous_4)
FN:26,(anonymous_5)
FN:30,(anonymous_6)
FN:34,(anonymous_7)
FN:38,(anonymous_8)
FNF:9
FNH:4
FNDA:4,(anonymous_0)
FNDA:0,(anonymous_1)
FNDA:0,(anonymous_2)
FNDA:0,(anonymous_3)
FNDA:60,(anonymous_4)
FNDA:0,(anonymous_5)
FNDA:4,(anonymous_6)
FNDA:0,(anonymous_7)
FNDA:8,(anonymous_8)
DA:1,1
DA:4,4
DA:5,4
DA:6,4
DA:7,4
DA:11,0
DA:15,0
DA:19,0
DA:23,60
DA:27,0
DA:31,4
DA:35,0
DA:39,8
LF:13
LH:8
BRF:0
BRH:0
end_of_record
TN:
SF:src/utils/filtrarfaturas.js
FN:1,(anonymous_0)
FN:25,diff_months
FN:34,getEstadosDoSul
FNF:3
FNH:3
FNDA:4,(anonymous_0)
FNDA:8,diff_months
FNDA:4,getEstadosDoSul
DA:1,1
DA:3,4
DA:4,4
DA:6,4
DA:8,4
DA:9,16
DA:10,4
DA:11,12
DA:12,4
DA:13,8
DA:14,4
DA:15,4
DA:16,4
DA:22,4
DA:27,8
DA:29,8
DA:31,8
DA:35,4
LF:18
LH:18
BRDA:9,0,0,4
BRDA:9,0,1,12
BRDA:11,1,0,4
BRDA:11,1,1,8
BRDA:11,2,0,12
BRDA:11,2,1,12
BRDA:11,2,2,4
BRDA:13,3,0,4
BRDA:13,3,1,4
BRDA:13,4,0,8
BRDA:13,4,1,8
BRDA:13,4,2,4
BRDA:15,5,0,4
BRDA:15,5,1,0
BRDA:15,6,0,4
BRDA:15,6,1,4
BRF:16
BRH:15
end_of_record
